This file contains any messages produced by compilers while
running configure, to aid debugging if configure makes a mistake.

It was created by StarDict configure 4.0.0, which was
generated by GNU Autoconf 2.69.  Invocation command line was

  $ ./configure 

## --------- ##
## Platform. ##
## --------- ##

hostname = usxxbentjm3.corp.emc.com
uname -m = x86_64
uname -r = 14.1.0
uname -s = Darwin
uname -v = Darwin Kernel Version 14.1.0: Thu Feb 26 19:26:47 PST 2015; root:xnu-2782.10.73~1/RELEASE_X86_64

/usr/bin/uname -p = i386
/bin/uname -X     = unknown

/bin/arch              = unknown
/usr/bin/arch -k       = unknown
/usr/convex/getsysinfo = unknown
/usr/bin/hostinfo      = Mach kernel version:
	 Darwin Kernel Version 14.1.0: Thu Feb 26 19:26:47 PST 2015; root:xnu-2782.10.73~1/RELEASE_X86_64
Kernel configured for up to 4 processors.
2 processors are physically available.
4 processors are logically available.
Processor type: x86_64h (Intel x86-64h Haswell)
Processors active: 0 1 2 3
Primary memory available: 8.00 gigabytes
Default processor set: 293 tasks, 1259 threads, 4 processors
Load average: 2.04, Mach factor: 1.95
/bin/machine           = unknown
/usr/bin/oslevel       = unknown
/bin/universe          = unknown

PATH: /opt/local/bin
PATH: /opt/local/sbin
PATH: /opt/local/bin
PATH: /opt/local/sbin
PATH: /System/Library/Java/JavaVirtualMachines/1.6.0.jdk/Contents/Home/bin
PATH: /opt/local/bin
PATH: /opt/local/sbin
PATH: /usr/local/bin
PATH: /usr/texbin/
PATH: /usr/local/bin
PATH: /usr/bin
PATH: /bin
PATH: /usr/sbin
PATH: /sbin
PATH: /opt/X11/bin
PATH: /usr/texbin


## ----------- ##
## Core tests. ##
## ----------- ##

configure:1764: checking for a BSD-compatible install
configure:1832: result: /usr/bin/install -c
configure:1843: checking whether build environment is sane
configure:1898: result: yes
configure:2049: checking for a thread-safe mkdir -p
configure:2088: result: ./install-sh -c -d
configure:2095: checking for gawk
configure:2125: result: no
configure:2095: checking for mawk
configure:2125: result: no
configure:2095: checking for nawk
configure:2125: result: no
configure:2095: checking for awk
configure:2111: found /usr/bin/awk
configure:2122: result: awk
configure:2133: checking whether make sets $(MAKE)
configure:2155: result: yes
configure:2184: checking whether make supports nested variables
configure:2201: result: yes
configure:2290: checking whether UID '52224267' is supported by ustar format
configure:2296: result: no
configure:2300: checking whether GID '720748206' is supported by ustar format
configure:2306: result: no
configure:2311: checking how to create a ustar tar archive
configure:2365: tardir=conftest.dir && eval false >conftest.tar
configure:2368: $? = 1
configure:2393: result: none
configure:2643: checking that generated files are newer than configure
configure:2649: result: done
configure:2665: creating ./config.status

## ---------------------- ##
## Running config.status. ##
## ---------------------- ##

This file was extended by StarDict config.status 4.0.0, which was
generated by GNU Autoconf 2.69.  Invocation command line was

  CONFIG_FILES    = 
  CONFIG_HEADERS  = 
  CONFIG_LINKS    = 
  CONFIG_COMMANDS = 
  $ ./config.status 

on usxxbentjm3.corp.emc.com

config.status:747: creating Makefile
configure:3750: === configuring in lib (/Users/bentj/dropbox/belau/app/stardict-3/lib)
configure:3813: running /bin/sh ./configure --disable-option-checking '--prefix=/usr/local'  --cache-file=/dev/null --srcdir=.
configure:3818: error: ./configure failed for lib

## ---------------- ##
## Cache variables. ##
## ---------------- ##

ac_cv_env_build_alias_set=
ac_cv_env_build_alias_value=
ac_cv_env_host_alias_set=
ac_cv_env_host_alias_value=
ac_cv_env_target_alias_set=
ac_cv_env_target_alias_value=
ac_cv_path_install='/usr/bin/install -c'
ac_cv_prog_AWK=awk
ac_cv_prog_make_make_set=yes
am_cv_make_support_nested_variables=yes
am_cv_prog_tar_ustar=none

## ----------------- ##
## Output variables. ##
## ----------------- ##

ACLOCAL='${SHELL} /Users/bentj/dropbox/belau/app/stardict-3/missing aclocal-1.14'
AMTAR='$${TAR-tar}'
AM_BACKSLASH='\'
AM_DEFAULT_V='$(AM_DEFAULT_VERBOSITY)'
AM_DEFAULT_VERBOSITY='1'
AM_V='$(V)'
AUTOCONF='${SHELL} /Users/bentj/dropbox/belau/app/stardict-3/missing autoconf'
AUTOHEADER='${SHELL} /Users/bentj/dropbox/belau/app/stardict-3/missing autoheader'
AUTOMAKE='${SHELL} /Users/bentj/dropbox/belau/app/stardict-3/missing automake-1.14'
AWK='awk'
BUILD_DICT_FALSE='#'
BUILD_DICT_TRUE=''
BUILD_TOOLS_FALSE='#'
BUILD_TOOLS_TRUE=''
CYGPATH_W='echo'
DEFS='-DPACKAGE_NAME=\"StarDict\" -DPACKAGE_TARNAME=\"stardict\" -DPACKAGE_VERSION=\"4.0.0\" -DPACKAGE_STRING=\"StarDict\ 4.0.0\" -DPACKAGE_BUGREPORT=\"http://www.stardict.org\" -DPACKAGE_URL=\"\" -DPACKAGE=\"stardict\" -DVERSION=\"4.0.0\"'
ECHO_C='\c'
ECHO_N=''
ECHO_T=''
INSTALL_DATA='${INSTALL} -m 644'
INSTALL_PROGRAM='${INSTALL}'
INSTALL_SCRIPT='${INSTALL}'
INSTALL_STRIP_PROGRAM='$(install_sh) -c -s'
LIBOBJS=''
LIBS=''
LTLIBOBJS=''
MAKEINFO='${SHELL} /Users/bentj/dropbox/belau/app/stardict-3/missing makeinfo'
MKDIR_P='./install-sh -c -d'
PACKAGE='stardict'
PACKAGE_BUGREPORT='http://www.stardict.org'
PACKAGE_NAME='StarDict'
PACKAGE_STRING='StarDict 4.0.0'
PACKAGE_TARNAME='stardict'
PACKAGE_URL=''
PACKAGE_VERSION='4.0.0'
PATH_SEPARATOR=':'
SET_MAKE=''
SHELL='/bin/sh'
STRIP=''
VERSION='4.0.0'
am__isrc=''
am__leading_dot='.'
am__tar='false'
am__untar='false'
bindir='${exec_prefix}/bin'
build_alias=''
datadir='${datarootdir}'
datarootdir='${prefix}/share'
docdir='${datarootdir}/doc/${PACKAGE_TARNAME}'
dvidir='${docdir}'
exec_prefix='${prefix}'
host_alias=''
htmldir='${docdir}'
includedir='${prefix}/include'
infodir='${datarootdir}/info'
install_sh='${SHELL} /Users/bentj/dropbox/belau/app/stardict-3/install-sh'
libdir='${exec_prefix}/lib'
libexecdir='${exec_prefix}/libexec'
localedir='${datarootdir}/locale'
localstatedir='${prefix}/var'
mandir='${datarootdir}/man'
mkdir_p='$(MKDIR_P)'
oldincludedir='/usr/include'
pdfdir='${docdir}'
prefix='/usr/local'
program_transform_name='s,x,x,'
psdir='${docdir}'
sbindir='${exec_prefix}/sbin'
sharedstatedir='${prefix}/com'
subdirs=' lib dict tools'
sysconfdir='${prefix}/etc'
target_alias=''

configure: exit 1
