This file contains any messages produced by compilers while
running configure, to aid debugging if configure makes a mistake.

It was created by StarDict lib configure 4.0.0, which was
generated by GNU Autoconf 2.69.  Invocation command line was

  $ ./configure --disable-option-checking --prefix=/usr/local --cache-file=/dev/null --srcdir=.

## --------- ##
## Platform. ##
## --------- ##

hostname = usxxbentjm3.corp.emc.com
uname -m = x86_64
uname -r = 14.1.0
uname -s = Darwin
uname -v = Darwin Kernel Version 14.1.0: Thu Feb 26 19:26:47 PST 2015; root:xnu-2782.10.73~1/RELEASE_X86_64

/usr/bin/uname -p = i386
/bin/uname -X     = unknown

/bin/arch              = unknown
/usr/bin/arch -k       = unknown
/usr/convex/getsysinfo = unknown
/usr/bin/hostinfo      = Mach kernel version:
	 Darwin Kernel Version 14.1.0: Thu Feb 26 19:26:47 PST 2015; root:xnu-2782.10.73~1/RELEASE_X86_64
Kernel configured for up to 4 processors.
2 processors are physically available.
4 processors are logically available.
Processor type: x86_64h (Intel x86-64h Haswell)
Processors active: 0 1 2 3
Primary memory available: 8.00 gigabytes
Default processor set: 294 tasks, 1355 threads, 4 processors
Load average: 3.53, Mach factor: 0.78
/bin/machine           = unknown
/usr/bin/oslevel       = unknown
/bin/universe          = unknown

PATH: /opt/local/bin
PATH: /opt/local/sbin
PATH: /opt/local/bin
PATH: /opt/local/sbin
PATH: /System/Library/Java/JavaVirtualMachines/1.6.0.jdk/Contents/Home/bin
PATH: /opt/local/bin
PATH: /opt/local/sbin
PATH: /usr/local/bin
PATH: /usr/texbin/
PATH: /usr/local/bin
PATH: /usr/bin
PATH: /bin
PATH: /usr/sbin
PATH: /sbin
PATH: /opt/X11/bin
PATH: /usr/texbin


## ----------- ##
## Core tests. ##
## ----------- ##

configure:2411: checking for a BSD-compatible install
configure:2479: result: /usr/bin/install -c
configure:2490: checking whether build environment is sane
configure:2545: result: yes
configure:2696: checking for a thread-safe mkdir -p
configure:2735: result: ./install-sh -c -d
configure:2742: checking for gawk
configure:2772: result: no
configure:2742: checking for mawk
configure:2772: result: no
configure:2742: checking for nawk
configure:2772: result: no
configure:2742: checking for awk
configure:2758: found /usr/bin/awk
configure:2769: result: awk
configure:2780: checking whether make sets $(MAKE)
configure:2802: result: yes
configure:2831: checking whether make supports nested variables
configure:2848: result: yes
configure:2937: checking whether UID '52224267' is supported by ustar format
configure:2943: result: no
configure:2947: checking whether GID '720748206' is supported by ustar format
configure:2953: result: no
configure:2958: checking how to create a ustar tar archive
configure:3012: tardir=conftest.dir && eval false >conftest.tar
configure:3015: $? = 1
configure:3040: result: none
configure:3123: checking build system type
configure:3137: result: x86_64-apple-darwin14.1.0
configure:3157: checking host system type
configure:3170: result: x86_64-apple-darwin14.1.0
configure:3211: checking how to print strings
configure:3238: result: printf
configure:3271: checking for style of include used by make
configure:3299: result: GNU
configure:3370: checking for gcc
configure:3386: found /usr/bin/gcc
configure:3397: result: gcc
configure:3626: checking for C compiler version
configure:3635: gcc --version >&5
Apple LLVM version 6.1.0 (clang-602.0.49) (based on LLVM 3.6.0svn)
Target: x86_64-apple-darwin14.1.0
Thread model: posix
Configured with: --prefix=/Applications/Xcode.app/Contents/Developer/usr --with-gxx-include-dir=/usr/include/c++/4.2.1
configure:3646: $? = 0
configure:3635: gcc -v >&5
Configured with: --prefix=/Applications/Xcode.app/Contents/Developer/usr --with-gxx-include-dir=/usr/include/c++/4.2.1
Apple LLVM version 6.1.0 (clang-602.0.49) (based on LLVM 3.6.0svn)
Target: x86_64-apple-darwin14.1.0
Thread model: posix
configure:3646: $? = 0
configure:3635: gcc -V >&5
clang: error: argument to '-V' is missing (expected 1 value)
clang: error: no input files
configure:3646: $? = 1
configure:3635: gcc -qversion >&5
clang: error: unknown argument: '-qversion'
clang: error: no input files
configure:3646: $? = 1
configure:3666: checking whether the C compiler works
configure:3688: gcc    conftest.c  >&5
configure:3692: $? = 0
configure:3740: result: yes
configure:3743: checking for C compiler default output file name
configure:3745: result: a.out
configure:3751: checking for suffix of executables
configure:3758: gcc -o conftest    conftest.c  >&5
configure:3762: $? = 0
configure:3784: result: 
configure:3806: checking whether we are cross compiling
configure:3814: gcc -o conftest    conftest.c  >&5
configure:3818: $? = 0
configure:3825: ./conftest
configure:3829: $? = 0
configure:3844: result: no
configure:3849: checking for suffix of object files
configure:3871: gcc -c   conftest.c >&5
configure:3875: $? = 0
configure:3896: result: o
configure:3900: checking whether we are using the GNU C compiler
configure:3919: gcc -c   conftest.c >&5
configure:3919: $? = 0
configure:3928: result: yes
configure:3937: checking whether gcc accepts -g
configure:3957: gcc -c -g  conftest.c >&5
configure:3957: $? = 0
configure:3998: result: yes
configure:4015: checking for gcc option to accept ISO C89
configure:4078: gcc  -c -g -O2  conftest.c >&5
configure:4078: $? = 0
configure:4091: result: none needed
configure:4116: checking whether gcc understands -c and -o together
configure:4138: gcc -c conftest.c -o conftest2.o
configure:4141: $? = 0
configure:4138: gcc -c conftest.c -o conftest2.o
configure:4141: $? = 0
configure:4153: result: yes
configure:4172: checking dependency style of gcc
configure:4283: result: gcc3
configure:4298: checking for a sed that does not truncate output
configure:4362: result: /usr/bin/sed
configure:4380: checking for grep that handles long lines and -e
configure:4438: result: /usr/bin/grep
configure:4443: checking for egrep
configure:4505: result: /usr/bin/grep -E
configure:4510: checking for fgrep
configure:4572: result: /usr/bin/grep -F
configure:4607: checking for ld used by gcc
configure:4674: result: /Applications/Xcode.app/Contents/Developer/Toolchains/XcodeDefault.xctoolchain/usr/bin/ld
configure:4681: checking if the linker (/Applications/Xcode.app/Contents/Developer/Toolchains/XcodeDefault.xctoolchain/usr/bin/ld) is GNU ld
configure:4696: result: no
configure:4708: checking for BSD- or MS-compatible name lister (nm)
configure:4762: result: /usr/bin/nm
configure:4892: checking the name lister (/usr/bin/nm) interface
configure:4899: gcc -c -g -O2  conftest.c >&5
configure:4902: /usr/bin/nm "conftest.o"
configure:4905: output
00000000000001f0 S _some_variable
configure:4912: result: BSD nm
configure:4915: checking whether ln -s works
configure:4919: result: yes
configure:4927: checking the maximum length of command line arguments
configure:5058: result: 196608
configure:5106: checking how to convert x86_64-apple-darwin14.1.0 file names to x86_64-apple-darwin14.1.0 format
configure:5146: result: func_convert_file_noop
configure:5153: checking how to convert x86_64-apple-darwin14.1.0 file names to toolchain format
configure:5173: result: func_convert_file_noop
configure:5180: checking for /Applications/Xcode.app/Contents/Developer/Toolchains/XcodeDefault.xctoolchain/usr/bin/ld option to reload object files
configure:5187: result: -r
configure:5261: checking for objdump
configure:5291: result: no
configure:5320: checking how to recognize dependent libraries
configure:5520: result: pass_all
configure:5605: checking for dlltool
configure:5635: result: no
configure:5665: checking how to associate runtime and link libraries
configure:5692: result: printf %s\n
configure:5753: checking for ar
configure:5769: found /usr/bin/ar
configure:5780: result: ar
configure:5817: checking for archiver @FILE support
configure:5834: gcc -c -g -O2  conftest.c >&5
configure:5834: $? = 0
configure:5837: ar cru libconftest.a @conftest.lst >&5
ar: @conftest.lst: No such file or directory
configure:5840: $? = 1
configure:5860: result: no
configure:5918: checking for strip
configure:5934: found /usr/bin/strip
configure:5945: result: strip
configure:6017: checking for ranlib
configure:6033: found /usr/bin/ranlib
configure:6044: result: ranlib
configure:6146: checking command to parse /usr/bin/nm output from gcc object
configure:6299: gcc -c -g -O2  conftest.c >&5
configure:6302: $? = 0
configure:6306: /usr/bin/nm conftest.o \| sed -n -e 's/^.*[ ]\([BCDEGRST][BCDEGRST]*\)[ ][ ]*\([_A-Za-z][_A-Za-z0-9]*\)$/\1 \2 \2/p' | sed '/ __gnu_lto/d' \> conftest.nm
configure:6309: $? = 0
cannot find nm_test_var in conftest.nm
configure:6299: gcc -c -g -O2  conftest.c >&5
configure:6302: $? = 0
configure:6306: /usr/bin/nm conftest.o \| sed -n -e 's/^.*[ ]\([BCDEGRST][BCDEGRST]*\)[ ][ ]*_\([_A-Za-z][_A-Za-z0-9]*\)$/\1 _\2 \2/p' | sed '/ __gnu_lto/d' \> conftest.nm
configure:6309: $? = 0
configure:6375: gcc -o conftest -g -O2   conftest.c conftstm.o >&5
configure:6378: $? = 0
configure:6416: result: ok
configure:6463: checking for sysroot
configure:6493: result: no
configure:6500: checking for a working dd
configure:6538: result: /bin/dd
configure:6542: checking how to truncate binary pipes
configure:6557: result: /bin/dd bs=4096 count=1
configure:6871: checking for mt
configure:6901: result: no
configure:6921: checking if : is a manifest tool
configure:6927: : '-?'
configure:6935: result: no
configure:6991: checking for dsymutil
configure:7007: found /usr/bin/dsymutil
configure:7018: result: dsymutil
configure:7083: checking for nmedit
configure:7099: found /usr/bin/nmedit
configure:7110: result: nmedit
configure:7175: checking for lipo
configure:7191: found /usr/bin/lipo
configure:7202: result: lipo
configure:7267: checking for otool
configure:7283: found /usr/bin/otool
configure:7294: result: otool
configure:7359: checking for otool64
configure:7389: result: no
configure:7434: checking for -single_module linker flag
gcc -g -O2  -o libconftest.dylib -dynamiclib -Wl,-single_module conftest.c
configure:7467: result: yes
configure:7470: checking for -exported_symbols_list linker flag
configure:7490: gcc -o conftest -g -O2   -Wl,-exported_symbols_list,conftest.sym conftest.c  >&5
configure:7490: $? = 0
configure:7500: result: yes
configure:7503: checking for -force_load linker flag
gcc -g -O2 -c -o conftest.o conftest.c
ar cru libconftest.a conftest.o
ranlib libconftest.a
gcc -g -O2  -o conftest conftest.c -Wl,-force_load,./libconftest.a
configure:7535: result: yes
configure:7577: checking how to run the C preprocessor
configure:7608: gcc -E  conftest.c
configure:7608: $? = 0
configure:7622: gcc -E  conftest.c
conftest.c:11:10: fatal error: 'ac_nonexistent.h' file not found
#include <ac_nonexistent.h>
         ^
1 error generated.
configure:7622: $? = 1
configure: failed program was:
| /* confdefs.h */
| #define PACKAGE_NAME "StarDict lib"
| #define PACKAGE_TARNAME "stardict-lib"
| #define PACKAGE_VERSION "4.0.0"
| #define PACKAGE_STRING "StarDict lib 4.0.0"
| #define PACKAGE_BUGREPORT "http://www.stardict.org"
| #define PACKAGE_URL ""
| #define PACKAGE "stardict-lib"
| #define VERSION "4.0.0"
| /* end confdefs.h.  */
| #include <ac_nonexistent.h>
configure:7647: result: gcc -E
configure:7667: gcc -E  conftest.c
configure:7667: $? = 0
configure:7681: gcc -E  conftest.c
conftest.c:11:10: fatal error: 'ac_nonexistent.h' file not found
#include <ac_nonexistent.h>
         ^
1 error generated.
configure:7681: $? = 1
configure: failed program was:
| /* confdefs.h */
| #define PACKAGE_NAME "StarDict lib"
| #define PACKAGE_TARNAME "stardict-lib"
| #define PACKAGE_VERSION "4.0.0"
| #define PACKAGE_STRING "StarDict lib 4.0.0"
| #define PACKAGE_BUGREPORT "http://www.stardict.org"
| #define PACKAGE_URL ""
| #define PACKAGE "stardict-lib"
| #define VERSION "4.0.0"
| /* end confdefs.h.  */
| #include <ac_nonexistent.h>
configure:7710: checking for ANSI C header files
configure:7730: gcc -c -g -O2  conftest.c >&5
configure:7730: $? = 0
configure:7803: gcc -o conftest -g -O2   conftest.c  >&5
configure:7803: $? = 0
configure:7803: ./conftest
configure:7803: $? = 0
configure:7814: result: yes
configure:7827: checking for sys/types.h
configure:7827: gcc -c -g -O2  conftest.c >&5
configure:7827: $? = 0
configure:7827: result: yes
configure:7827: checking for sys/stat.h
configure:7827: gcc -c -g -O2  conftest.c >&5
configure:7827: $? = 0
configure:7827: result: yes
configure:7827: checking for stdlib.h
configure:7827: gcc -c -g -O2  conftest.c >&5
configure:7827: $? = 0
configure:7827: result: yes
configure:7827: checking for string.h
configure:7827: gcc -c -g -O2  conftest.c >&5
configure:7827: $? = 0
configure:7827: result: yes
configure:7827: checking for memory.h
configure:7827: gcc -c -g -O2  conftest.c >&5
configure:7827: $? = 0
configure:7827: result: yes
configure:7827: checking for strings.h
configure:7827: gcc -c -g -O2  conftest.c >&5
configure:7827: $? = 0
configure:7827: result: yes
configure:7827: checking for inttypes.h
configure:7827: gcc -c -g -O2  conftest.c >&5
configure:7827: $? = 0
configure:7827: result: yes
configure:7827: checking for stdint.h
configure:7827: gcc -c -g -O2  conftest.c >&5
configure:7827: $? = 0
configure:7827: result: yes
configure:7827: checking for unistd.h
configure:7827: gcc -c -g -O2  conftest.c >&5
configure:7827: $? = 0
configure:7827: result: yes
configure:7841: checking for dlfcn.h
configure:7841: gcc -c -g -O2  conftest.c >&5
configure:7841: $? = 0
configure:7841: result: yes
configure:8097: checking for objdir
configure:8112: result: .libs
configure:8383: checking if gcc supports -fno-rtti -fno-exceptions
configure:8401: gcc -c -g -O2  -fno-rtti -fno-exceptions conftest.c >&5
configure:8405: $? = 0
configure:8418: result: yes
configure:8776: checking for gcc option to produce PIC
configure:8783: result: -fno-common -DPIC
configure:8791: checking if gcc PIC flag -fno-common -DPIC works
configure:8809: gcc -c -g -O2  -fno-common -DPIC -DPIC conftest.c >&5
configure:8813: $? = 0
configure:8826: result: yes
configure:8855: checking if gcc static flag -static works
configure:8883: result: no
configure:8898: checking if gcc supports -c -o file.o
configure:8919: gcc -c -g -O2  -o out/conftest2.o conftest.c >&5
configure:8923: $? = 0
configure:8945: result: yes
configure:8953: checking if gcc supports -c -o file.o
configure:9000: result: yes
configure:9033: checking whether the gcc linker (/Applications/Xcode.app/Contents/Developer/Toolchains/XcodeDefault.xctoolchain/usr/bin/ld) supports shared libraries
configure:10292: result: yes
configure:10532: checking dynamic linker characteristics
configure:11341: result: darwin14.1.0 dyld
configure:11448: checking how to hardcode library paths into programs
configure:11473: result: immediate
configure:12021: checking whether stripping libraries is possible
configure:12035: result: yes
configure:12061: checking if libtool supports shared libraries
configure:12063: result: yes
configure:12066: checking whether to build shared libraries
configure:12091: result: yes
configure:12094: checking whether to build static libraries
configure:12098: result: yes
configure:12185: checking for gcc
configure:12212: result: gcc
configure:12441: checking for C compiler version
configure:12450: gcc --version >&5
Apple LLVM version 6.1.0 (clang-602.0.49) (based on LLVM 3.6.0svn)
Target: x86_64-apple-darwin14.1.0
Thread model: posix
Configured with: --prefix=/Applications/Xcode.app/Contents/Developer/usr --with-gxx-include-dir=/usr/include/c++/4.2.1
configure:12461: $? = 0
configure:12450: gcc -v >&5
Configured with: --prefix=/Applications/Xcode.app/Contents/Developer/usr --with-gxx-include-dir=/usr/include/c++/4.2.1
Apple LLVM version 6.1.0 (clang-602.0.49) (based on LLVM 3.6.0svn)
Target: x86_64-apple-darwin14.1.0
Thread model: posix
configure:12461: $? = 0
configure:12450: gcc -V >&5
clang: error: argument to '-V' is missing (expected 1 value)
clang: error: no input files
configure:12461: $? = 1
configure:12450: gcc -qversion >&5
clang: error: unknown argument: '-qversion'
clang: error: no input files
configure:12461: $? = 1
configure:12465: checking whether we are using the GNU C compiler
configure:12493: result: yes
configure:12502: checking whether gcc accepts -g
configure:12563: result: yes
configure:12580: checking for gcc option to accept ISO C89
configure:12656: result: none needed
configure:12681: checking whether gcc understands -c and -o together
configure:12718: result: yes
configure:12737: checking dependency style of gcc
configure:12848: result: gcc3
configure:12921: checking for g++
configure:12937: found /usr/bin/g++
configure:12948: result: g++
configure:12975: checking for C++ compiler version
configure:12984: g++ --version >&5
Apple LLVM version 6.1.0 (clang-602.0.49) (based on LLVM 3.6.0svn)
Target: x86_64-apple-darwin14.1.0
Thread model: posix
Configured with: --prefix=/Applications/Xcode.app/Contents/Developer/usr --with-gxx-include-dir=/usr/include/c++/4.2.1
configure:12995: $? = 0
configure:12984: g++ -v >&5
Configured with: --prefix=/Applications/Xcode.app/Contents/Developer/usr --with-gxx-include-dir=/usr/include/c++/4.2.1
Apple LLVM version 6.1.0 (clang-602.0.49) (based on LLVM 3.6.0svn)
Target: x86_64-apple-darwin14.1.0
Thread model: posix
configure:12995: $? = 0
configure:12984: g++ -V >&5
clang: error: argument to '-V' is missing (expected 1 value)
clang: error: no input files
configure:12995: $? = 1
configure:12984: g++ -qversion >&5
clang: error: unknown argument: '-qversion'
clang: error: no input files
configure:12995: $? = 1
configure:12999: checking whether we are using the GNU C++ compiler
configure:13018: g++ -c   conftest.cpp >&5
configure:13018: $? = 0
configure:13027: result: yes
configure:13036: checking whether g++ accepts -g
configure:13056: g++ -c -g  conftest.cpp >&5
configure:13056: $? = 0
configure:13097: result: yes
configure:13122: checking dependency style of g++
configure:13233: result: gcc3
configure:13266: checking how to run the C++ preprocessor
configure:13293: g++ -E  conftest.cpp
configure:13293: $? = 0
configure:13307: g++ -E  conftest.cpp
conftest.cpp:23:10: fatal error: 'ac_nonexistent.h' file not found
#include <ac_nonexistent.h>
         ^
1 error generated.
configure:13307: $? = 1
configure: failed program was:
| /* confdefs.h */
| #define PACKAGE_NAME "StarDict lib"
| #define PACKAGE_TARNAME "stardict-lib"
| #define PACKAGE_VERSION "4.0.0"
| #define PACKAGE_STRING "StarDict lib 4.0.0"
| #define PACKAGE_BUGREPORT "http://www.stardict.org"
| #define PACKAGE_URL ""
| #define PACKAGE "stardict-lib"
| #define VERSION "4.0.0"
| #define STDC_HEADERS 1
| #define HAVE_SYS_TYPES_H 1
| #define HAVE_SYS_STAT_H 1
| #define HAVE_STDLIB_H 1
| #define HAVE_STRING_H 1
| #define HAVE_MEMORY_H 1
| #define HAVE_STRINGS_H 1
| #define HAVE_INTTYPES_H 1
| #define HAVE_STDINT_H 1
| #define HAVE_UNISTD_H 1
| #define HAVE_DLFCN_H 1
| #define LT_OBJDIR ".libs/"
| /* end confdefs.h.  */
| #include <ac_nonexistent.h>
configure:13332: result: g++ -E
configure:13352: g++ -E  conftest.cpp
configure:13352: $? = 0
configure:13366: g++ -E  conftest.cpp
conftest.cpp:23:10: fatal error: 'ac_nonexistent.h' file not found
#include <ac_nonexistent.h>
         ^
1 error generated.
configure:13366: $? = 1
configure: failed program was:
| /* confdefs.h */
| #define PACKAGE_NAME "StarDict lib"
| #define PACKAGE_TARNAME "stardict-lib"
| #define PACKAGE_VERSION "4.0.0"
| #define PACKAGE_STRING "StarDict lib 4.0.0"
| #define PACKAGE_BUGREPORT "http://www.stardict.org"
| #define PACKAGE_URL ""
| #define PACKAGE "stardict-lib"
| #define VERSION "4.0.0"
| #define STDC_HEADERS 1
| #define HAVE_SYS_TYPES_H 1
| #define HAVE_SYS_STAT_H 1
| #define HAVE_STDLIB_H 1
| #define HAVE_STRING_H 1
| #define HAVE_MEMORY_H 1
| #define HAVE_STRINGS_H 1
| #define HAVE_INTTYPES_H 1
| #define HAVE_STDINT_H 1
| #define HAVE_UNISTD_H 1
| #define HAVE_DLFCN_H 1
| #define LT_OBJDIR ".libs/"
| /* end confdefs.h.  */
| #include <ac_nonexistent.h>
configure:13535: checking for ld used by g++
configure:13602: result: /Applications/Xcode.app/Contents/Developer/Toolchains/XcodeDefault.xctoolchain/usr/bin/ld
configure:13609: checking if the linker (/Applications/Xcode.app/Contents/Developer/Toolchains/XcodeDefault.xctoolchain/usr/bin/ld) is GNU ld
configure:13624: result: no
configure:13679: checking whether the g++ linker (/Applications/Xcode.app/Contents/Developer/Toolchains/XcodeDefault.xctoolchain/usr/bin/ld) supports shared libraries
configure:14752: result: yes
configure:14788: g++ -c -g -O2  conftest.cpp >&5
configure:14791: $? = 0
configure:15317: checking for g++ option to produce PIC
configure:15324: result: -fno-common -DPIC
configure:15332: checking if g++ PIC flag -fno-common -DPIC works
configure:15350: g++ -c -g -O2  -fno-common -DPIC -DPIC conftest.cpp >&5
configure:15354: $? = 0
configure:15367: result: yes
configure:15390: checking if g++ static flag -static works
configure:15418: result: no
configure:15430: checking if g++ supports -c -o file.o
configure:15451: g++ -c -g -O2  -o out/conftest2.o conftest.cpp >&5
configure:15455: $? = 0
configure:15477: result: yes
configure:15482: checking if g++ supports -c -o file.o
configure:15529: result: yes
configure:15559: checking whether the g++ linker (/Applications/Xcode.app/Contents/Developer/Toolchains/XcodeDefault.xctoolchain/usr/bin/ld) supports shared libraries
configure:15599: result: yes
configure:15740: checking dynamic linker characteristics
configure:16476: result: darwin14.1.0 dyld
configure:16529: checking how to hardcode library paths into programs
configure:16554: result: immediate
configure:16599: checking for ANSI C header files
configure:16703: result: yes
configure:16713: checking for stdlib.h
configure:16713: result: yes
configure:16782: checking for pkg-config
configure:16800: found /opt/local/bin/pkg-config
configure:16812: result: /opt/local/bin/pkg-config
configure:16837: checking pkg-config is at least version 0.9.0
configure:16840: result: yes
configure:16850: checking for STARDICT
configure:16857: $PKG_CONFIG --exists --print-errors "$DEP_MODULES"
Package gtk+-3.0 was not found in the pkg-config search path.
Perhaps you should add the directory containing `gtk+-3.0.pc'
to the PKG_CONFIG_PATH environment variable
No package 'gtk+-3.0' found
Package glib-2.0 was not found in the pkg-config search path.
Perhaps you should add the directory containing `glib-2.0.pc'
to the PKG_CONFIG_PATH environment variable
No package 'glib-2.0' found
Package gmodule-2.0 was not found in the pkg-config search path.
Perhaps you should add the directory containing `gmodule-2.0.pc'
to the PKG_CONFIG_PATH environment variable
No package 'gmodule-2.0' found
configure:16860: $? = 1
configure:16874: $PKG_CONFIG --exists --print-errors "$DEP_MODULES"
Package gtk+-3.0 was not found in the pkg-config search path.
Perhaps you should add the directory containing `gtk+-3.0.pc'
to the PKG_CONFIG_PATH environment variable
No package 'gtk+-3.0' found
Package glib-2.0 was not found in the pkg-config search path.
Perhaps you should add the directory containing `glib-2.0.pc'
to the PKG_CONFIG_PATH environment variable
No package 'glib-2.0' found
Package gmodule-2.0 was not found in the pkg-config search path.
Perhaps you should add the directory containing `gmodule-2.0.pc'
to the PKG_CONFIG_PATH environment variable
No package 'gmodule-2.0' found
configure:16877: $? = 1
configure:16891: result: no
No package 'gtk+-3.0' found
No package 'glib-2.0' found
No package 'gmodule-2.0' found
configure:16907: error: Package requirements (gtk+-3.0 glib-2.0 >= 2.8 gmodule-2.0 zlib libxml-2.0 >= 2.5) were not met:

No package 'gtk+-3.0' found
No package 'glib-2.0' found
No package 'gmodule-2.0' found

Consider adjusting the PKG_CONFIG_PATH environment variable if you
installed software in a non-standard prefix.

Alternatively, you may set the environment variables STARDICT_CFLAGS
and STARDICT_LIBS to avoid the need to call pkg-config.
See the pkg-config man page for more details.

## ---------------- ##
## Cache variables. ##
## ---------------- ##

ac_cv_build=x86_64-apple-darwin14.1.0
ac_cv_c_compiler_gnu=yes
ac_cv_cxx_compiler_gnu=yes
ac_cv_env_CCC_set=
ac_cv_env_CCC_value=
ac_cv_env_CC_set=
ac_cv_env_CC_value=
ac_cv_env_CFLAGS_set=
ac_cv_env_CFLAGS_value=
ac_cv_env_CPPFLAGS_set=
ac_cv_env_CPPFLAGS_value=
ac_cv_env_CPP_set=
ac_cv_env_CPP_value=
ac_cv_env_CXXCPP_set=
ac_cv_env_CXXCPP_value=
ac_cv_env_CXXFLAGS_set=
ac_cv_env_CXXFLAGS_value=
ac_cv_env_CXX_set=
ac_cv_env_CXX_value=
ac_cv_env_LDFLAGS_set=
ac_cv_env_LDFLAGS_value=
ac_cv_env_LIBS_set=
ac_cv_env_LIBS_value=
ac_cv_env_PKG_CONFIG_LIBDIR_set=
ac_cv_env_PKG_CONFIG_LIBDIR_value=
ac_cv_env_PKG_CONFIG_PATH_set=
ac_cv_env_PKG_CONFIG_PATH_value=
ac_cv_env_PKG_CONFIG_set=
ac_cv_env_PKG_CONFIG_value=
ac_cv_env_STARDICT_CFLAGS_set=
ac_cv_env_STARDICT_CFLAGS_value=
ac_cv_env_STARDICT_LIBS_set=
ac_cv_env_STARDICT_LIBS_value=
ac_cv_env_build_alias_set=
ac_cv_env_build_alias_value=
ac_cv_env_host_alias_set=
ac_cv_env_host_alias_value=
ac_cv_env_target_alias_set=
ac_cv_env_target_alias_value=
ac_cv_header_dlfcn_h=yes
ac_cv_header_inttypes_h=yes
ac_cv_header_memory_h=yes
ac_cv_header_stdc=yes
ac_cv_header_stdint_h=yes
ac_cv_header_stdlib_h=yes
ac_cv_header_string_h=yes
ac_cv_header_strings_h=yes
ac_cv_header_sys_stat_h=yes
ac_cv_header_sys_types_h=yes
ac_cv_header_unistd_h=yes
ac_cv_host=x86_64-apple-darwin14.1.0
ac_cv_objext=o
ac_cv_path_EGREP='/usr/bin/grep -E'
ac_cv_path_FGREP='/usr/bin/grep -F'
ac_cv_path_GREP=/usr/bin/grep
ac_cv_path_SED=/usr/bin/sed
ac_cv_path_ac_pt_PKG_CONFIG=/opt/local/bin/pkg-config
ac_cv_path_install='/usr/bin/install -c'
ac_cv_path_lt_DD=/bin/dd
ac_cv_prog_AWK=awk
ac_cv_prog_CPP='gcc -E'
ac_cv_prog_CXXCPP='g++ -E'
ac_cv_prog_ac_ct_AR=ar
ac_cv_prog_ac_ct_CC=gcc
ac_cv_prog_ac_ct_CXX=g++
ac_cv_prog_ac_ct_DSYMUTIL=dsymutil
ac_cv_prog_ac_ct_LIPO=lipo
ac_cv_prog_ac_ct_NMEDIT=nmedit
ac_cv_prog_ac_ct_OTOOL=otool
ac_cv_prog_ac_ct_RANLIB=ranlib
ac_cv_prog_ac_ct_STRIP=strip
ac_cv_prog_cc_c89=
ac_cv_prog_cc_g=yes
ac_cv_prog_cxx_g=yes
ac_cv_prog_make_make_set=yes
am_cv_CC_dependencies_compiler_type=gcc3
am_cv_CXX_dependencies_compiler_type=gcc3
am_cv_make_support_nested_variables=yes
am_cv_prog_cc_c_o=yes
am_cv_prog_tar_ustar=none
lt_cv_apple_cc_single_mod=yes
lt_cv_ar_at_file=no
lt_cv_deplibs_check_method=pass_all
lt_cv_file_magic_cmd='$MAGIC_CMD'
lt_cv_file_magic_test_file=
lt_cv_ld_exported_symbols_list=yes
lt_cv_ld_force_load=yes
lt_cv_ld_reload_flag=-r
lt_cv_nm_interface='BSD nm'
lt_cv_objdir=.libs
lt_cv_path_LD=/Applications/Xcode.app/Contents/Developer/Toolchains/XcodeDefault.xctoolchain/usr/bin/ld
lt_cv_path_LDCXX=/Applications/Xcode.app/Contents/Developer/Toolchains/XcodeDefault.xctoolchain/usr/bin/ld
lt_cv_path_NM=/usr/bin/nm
lt_cv_path_mainfest_tool=no
lt_cv_prog_compiler_c_o=yes
lt_cv_prog_compiler_c_o_CXX=yes
lt_cv_prog_compiler_pic='-fno-common -DPIC'
lt_cv_prog_compiler_pic_CXX='-fno-common -DPIC'
lt_cv_prog_compiler_pic_works=yes
lt_cv_prog_compiler_pic_works_CXX=yes
lt_cv_prog_compiler_rtti_exceptions=yes
lt_cv_prog_compiler_static_works=no
lt_cv_prog_compiler_static_works_CXX=no
lt_cv_prog_gnu_ld=no
lt_cv_prog_gnu_ldcxx=no
lt_cv_sharedlib_from_linklib_cmd='printf %s\n'
lt_cv_sys_global_symbol_pipe='sed -n -e '\''s/^.*[	 ]\([BCDEGRST][BCDEGRST]*\)[	 ][	 ]*_\([_A-Za-z][_A-Za-z0-9]*\)$/\1 _\2 \2/p'\'' | sed '\''/ __gnu_lto/d'\'''
lt_cv_sys_global_symbol_to_c_name_address='sed -n -e '\''s/^: \(.*\) .*$/  {"\1", (void *) 0},/p'\'' -e '\''s/^[BCDEGRST][BCDEGRST]* .* \(.*\)$/  {"\1", (void *) \&\1},/p'\'''
lt_cv_sys_global_symbol_to_c_name_address_lib_prefix='sed -n -e '\''s/^: \(.*\) .*$/  {"\1", (void *) 0},/p'\'' -e '\''s/^[BCDEGRST][BCDEGRST]* .* \(lib.*\)$/  {"\1", (void *) \&\1},/p'\'' -e '\''s/^[BCDEGRST][BCDEGRST]* .* \(.*\)$/  {"lib\1", (void *) \&\1},/p'\'''
lt_cv_sys_global_symbol_to_cdecl='sed -n -e '\''s/^T .* \(.*\)$/extern int \1();/p'\'' -e '\''s/^[BCDEGRST][BCDEGRST]* .* \(.*\)$/extern char \1;/p'\'''
lt_cv_sys_global_symbol_to_import=
lt_cv_sys_max_cmd_len=196608
lt_cv_to_host_file_cmd=func_convert_file_noop
lt_cv_to_tool_file_cmd=func_convert_file_noop
lt_cv_truncate_bin='/bin/dd bs=4096 count=1'

## ----------------- ##
## Output variables. ##
## ----------------- ##

ACLOCAL='${SHELL} /Users/bentj/dropbox/belau/app/stardict-3/lib/missing aclocal-1.14'
AMDEPBACKSLASH='\'
AMDEP_FALSE='#'
AMDEP_TRUE=''
AMTAR='$${TAR-tar}'
AM_BACKSLASH='\'
AM_DEFAULT_V='$(AM_DEFAULT_VERBOSITY)'
AM_DEFAULT_VERBOSITY='1'
AM_V='$(V)'
AR='ar'
AUTOCONF='${SHELL} /Users/bentj/dropbox/belau/app/stardict-3/lib/missing autoconf'
AUTOHEADER='${SHELL} /Users/bentj/dropbox/belau/app/stardict-3/lib/missing autoheader'
AUTOMAKE='${SHELL} /Users/bentj/dropbox/belau/app/stardict-3/lib/missing automake-1.14'
AWK='awk'
CC='gcc'
CCDEPMODE='depmode=gcc3'
CFLAGS='-g -O2'
CPP='gcc -E'
CPPFLAGS=''
CXX='g++'
CXXCPP='g++ -E'
CXXDEPMODE='depmode=gcc3'
CXXFLAGS='-g -O2'
CYGPATH_W='echo'
DEFS=''
DEPDIR='.deps'
DLLTOOL='false'
DSYMUTIL='dsymutil'
DUMPBIN=''
ECHO_C='\c'
ECHO_N=''
ECHO_T=''
EGREP='/usr/bin/grep -E'
EXEEXT=''
FGREP='/usr/bin/grep -F'
GREP='/usr/bin/grep'
INSTALL_DATA='${INSTALL} -m 644'
INSTALL_PROGRAM='${INSTALL}'
INSTALL_SCRIPT='${INSTALL}'
INSTALL_STRIP_PROGRAM='$(install_sh) -c -s'
LD='/Applications/Xcode.app/Contents/Developer/Toolchains/XcodeDefault.xctoolchain/usr/bin/ld'
LDFLAGS=''
LIBOBJS=''
LIBS=''
LIBTOOL='$(SHELL) $(top_builddir)/libtool'
LIPO='lipo'
LN_S='ln -s'
LTLIBOBJS=''
MAKEINFO='${SHELL} /Users/bentj/dropbox/belau/app/stardict-3/lib/missing makeinfo'
MANIFEST_TOOL=':'
MKDIR_P='./install-sh -c -d'
NM='/usr/bin/nm'
NMEDIT='nmedit'
OBJDUMP='false'
OBJEXT='o'
OTOOL64=':'
OTOOL='otool'
PACKAGE='stardict-lib'
PACKAGE_BUGREPORT='http://www.stardict.org'
PACKAGE_NAME='StarDict lib'
PACKAGE_STRING='StarDict lib 4.0.0'
PACKAGE_TARNAME='stardict-lib'
PACKAGE_URL=''
PACKAGE_VERSION='4.0.0'
PATH_SEPARATOR=':'
PKG_CONFIG='/opt/local/bin/pkg-config'
PKG_CONFIG_LIBDIR=''
PKG_CONFIG_PATH=''
RANLIB='ranlib'
SED='/usr/bin/sed'
SET_MAKE=''
SHELL='/bin/sh'
STARDICT_CFLAGS=''
STARDICT_LIBS=''
STRIP='strip'
VERSION='4.0.0'
ac_ct_AR='ar'
ac_ct_CC='gcc'
ac_ct_CXX='g++'
ac_ct_DUMPBIN=''
am__EXEEXT_FALSE=''
am__EXEEXT_TRUE=''
am__fastdepCC_FALSE='#'
am__fastdepCC_TRUE=''
am__fastdepCXX_FALSE='#'
am__fastdepCXX_TRUE=''
am__include='include'
am__isrc=''
am__leading_dot='.'
am__nodep='_no'
am__quote=''
am__tar='false'
am__untar='false'
bindir='${exec_prefix}/bin'
build='x86_64-apple-darwin14.1.0'
build_alias=''
build_cpu='x86_64'
build_os='darwin14.1.0'
build_vendor='apple'
datadir='${datarootdir}'
datarootdir='${prefix}/share'
docdir='${datarootdir}/doc/${PACKAGE_TARNAME}'
dvidir='${docdir}'
exec_prefix='NONE'
host='x86_64-apple-darwin14.1.0'
host_alias=''
host_cpu='x86_64'
host_os='darwin14.1.0'
host_vendor='apple'
htmldir='${docdir}'
includedir='${prefix}/include'
infodir='${datarootdir}/info'
install_sh='${SHELL} /Users/bentj/dropbox/belau/app/stardict-3/lib/install-sh'
libdir='${exec_prefix}/lib'
libexecdir='${exec_prefix}/libexec'
localedir='${datarootdir}/locale'
localstatedir='${prefix}/var'
mandir='${datarootdir}/man'
mkdir_p='$(MKDIR_P)'
oldincludedir='/usr/include'
pdfdir='${docdir}'
prefix='/usr/local'
program_transform_name='s,x,x,'
psdir='${docdir}'
sbindir='${exec_prefix}/sbin'
sharedstatedir='${prefix}/com'
sysconfdir='${prefix}/etc'
target_alias=''

## ----------- ##
## confdefs.h. ##
## ----------- ##

/* confdefs.h */
#define PACKAGE_NAME "StarDict lib"
#define PACKAGE_TARNAME "stardict-lib"
#define PACKAGE_VERSION "4.0.0"
#define PACKAGE_STRING "StarDict lib 4.0.0"
#define PACKAGE_BUGREPORT "http://www.stardict.org"
#define PACKAGE_URL ""
#define PACKAGE "stardict-lib"
#define VERSION "4.0.0"
#define STDC_HEADERS 1
#define HAVE_SYS_TYPES_H 1
#define HAVE_SYS_STAT_H 1
#define HAVE_STDLIB_H 1
#define HAVE_STRING_H 1
#define HAVE_MEMORY_H 1
#define HAVE_STRINGS_H 1
#define HAVE_INTTYPES_H 1
#define HAVE_STDINT_H 1
#define HAVE_UNISTD_H 1
#define HAVE_DLFCN_H 1
#define LT_OBJDIR ".libs/"
#define STDC_HEADERS 1
#define HAVE_STDLIB_H 1

configure: exit 1
